<?xml version="1.0" encoding="UTF-8"?>
<!-- Generated by org.testng.reporters.JUnitReportReporter -->
<testsuite hostname="Dinesh" failures="0" tests="2" name="testCases.TC_001_New_registration" time="9.851" errors="0" timestamp="2024-03-08T10:50:52 IST" skipped="0">
  <testcase classname="testCases.TC_001_New_registration" name="registrationAccout" time="5.080"/>
  <testcase classname="testCases.TC_001_New_registration" name="registrationAccout" time="4.771"/>
</testsuite> <!-- testCases.TC_001_New_registration -->
